2022-05-25 12:19:02,360 NanoPlot 1.40.0 started with arguments Namespace(N50=True, alength=False, bam=None, barcoded=False, color='#4CB391', colormap='Greens', cram=None, downsample=None, dpi=100, drop_outliers=False, fasta=None, fastq=['Nano_sub.fastq'], fastq_minimal=None, fastq_rich=None, feather=None, font_scale=1, format=['png'], hide_stats=False, huge=False, info_in_report=False, legacy=None, listcolormaps=False, listcolors=False, loglength=False, maxlength=None, minlength=None, minqual=None, no_N50=False, no_static=False, no_supplementary=False, outdir='Nano_sub', path='Nano_sub/', percentqual=False, pickle=None, plots=['dot', 'kde'], prefix='', raw=False, readtype='1D', runtime_until=None, store=False, summary=None, threads=16, title='Nano_sub', tsv_stats=False, ubam=None, verbose=False)
2022-05-25 12:19:02,361 Python version is: 3.7.6 (default, Dec  9 2020, 21:48:03)  [GCC 4.8.5 20150623 (Red Hat 4.8.5-36)]
2022-05-25 12:19:02,382 Nanoget: Starting to collect statistics from plain fastq file.
2022-05-25 12:19:02,383 Nanoget: File provided doesn't exist or the path is incorrect: Nano_sub.fastq
2022-05-25 12:19:09,119 NanoPlot 1.40.0 started with arguments Namespace(N50=True, alength=False, bam=None, barcoded=False, color='#4CB391', colormap='Greens', cram=None, downsample=None, dpi=100, drop_outliers=False, fasta=None, fastq=['Nano_sub.fastq.gz'], fastq_minimal=None, fastq_rich=None, feather=None, font_scale=1, format=['png'], hide_stats=False, huge=False, info_in_report=False, legacy=None, listcolormaps=False, listcolors=False, loglength=False, maxlength=None, minlength=None, minqual=None, no_N50=False, no_static=False, no_supplementary=False, outdir='Nano_sub', path='Nano_sub/', percentqual=False, pickle=None, plots=['dot', 'kde'], prefix='', raw=False, readtype='1D', runtime_until=None, store=False, summary=None, threads=16, title='Nano_sub', tsv_stats=False, ubam=None, verbose=False)
2022-05-25 12:19:09,119 Python version is: 3.7.6 (default, Dec  9 2020, 21:48:03)  [GCC 4.8.5 20150623 (Red Hat 4.8.5-36)]
2022-05-25 12:19:09,135 Nanoget: Starting to collect statistics from plain fastq file.
2022-05-25 12:19:09,136 Nanoget: Decompressing gzipped fastq Nano_sub.fastq.gz
2022-05-25 12:19:41,237 Reduced DataFrame memory usage from 0.2288818359375Mb to 0.152587890625Mb
2022-05-25 12:19:41,258 Nanoget: Gathered all metrics of 10000 reads
2022-05-25 12:19:41,283 Calculated statistics
2022-05-25 12:19:41,284 Using sequenced read lengths for plotting.
2022-05-25 12:19:41,287 NanoPlot:  Valid color #4CB391.
2022-05-25 12:19:41,287 NanoPlot:  Valid colormap Greens.
2022-05-25 12:19:41,289 NanoPlot:  Creating length plots for Read length.
2022-05-25 12:19:41,289 NanoPlot: Using 10000 reads with read length N50 of 45791bp and maximum of 130958bp.
2022-05-25 12:20:11,665 No static plots are saved due to some kaleido problem:
2022-05-25 12:20:11,666 Transform failed with error code 1: Failed to serialize document: Uncaught
2022-05-25 12:20:42,016 No static plots are saved due to some kaleido problem:
2022-05-25 12:20:42,017 Transform failed with error code 1: Failed to serialize document: Uncaught
2022-05-25 12:21:12,353 No static plots are saved due to some kaleido problem:
2022-05-25 12:21:12,353 Transform failed with error code 1: Failed to serialize document: Uncaught
2022-05-25 12:21:42,674 No static plots are saved due to some kaleido problem:
2022-05-25 12:21:42,674 Transform failed with error code 1: Failed to serialize document: Uncaught
2022-05-25 12:22:13,474 No static plots are saved due to some kaleido problem:
2022-05-25 12:22:13,475 Transform failed with error code 1: Failed to serialize document: Uncaught
2022-05-25 12:22:13,475 Created length plots
2022-05-25 12:22:13,478 NanoPlot: Creating Read lengths vs Average read quality plots using 10000 reads.
2022-05-25 12:22:44,018 No static plots are saved due to some kaleido problem:
2022-05-25 12:22:44,019 Transform failed with error code 1: Failed to serialize document: Uncaught
2022-05-25 12:23:14,518 No static plots are saved due to some kaleido problem:
2022-05-25 12:23:14,519 Transform failed with error code 1: Failed to serialize document: Uncaught
2022-05-25 12:23:14,520 Created LengthvsQual plot
2022-05-25 12:23:14,520 Writing html report.
2022-05-25 12:23:14,549 Finished!
